Warning: you requested the nanomsg event logger, but bmv2 was compiled without -DBMELOG, and the event logger cannot be activated
Calling target program-options parser
[20:18:37.864] [bmv2] [D] [thread 21053] Set default default entry for table 'MyIngress.calculate': MyIngress.operation_drop - 
[20:18:37.869] [bmv2] [D] [thread 21053] Entry 0 added to table 'MyIngress.calculate'
[20:18:37.869] [bmv2] [D] [thread 21053] Dumping entry 0
Match key:
* hdr.p4calc.op       : EXACT     2b
Action entry: MyIngress.operation_add - 

[20:18:37.869] [bmv2] [D] [thread 21053] Entry 1 added to table 'MyIngress.calculate'
[20:18:37.869] [bmv2] [D] [thread 21053] Dumping entry 1
Match key:
* hdr.p4calc.op       : EXACT     2d
Action entry: MyIngress.operation_sub - 

[20:18:37.870] [bmv2] [D] [thread 21053] Entry 2 added to table 'MyIngress.calculate'
[20:18:37.870] [bmv2] [D] [thread 21053] Dumping entry 2
Match key:
* hdr.p4calc.op       : EXACT     26
Action entry: MyIngress.operation_and - 

[20:18:37.870] [bmv2] [D] [thread 21053] Entry 3 added to table 'MyIngress.calculate'
[20:18:37.870] [bmv2] [D] [thread 21053] Dumping entry 3
Match key:
* hdr.p4calc.op       : EXACT     7c
Action entry: MyIngress.operation_or - 

[20:18:37.870] [bmv2] [D] [thread 21053] Entry 4 added to table 'MyIngress.calculate'
[20:18:37.870] [bmv2] [D] [thread 21053] Dumping entry 4
Match key:
* hdr.p4calc.op       : EXACT     5e
Action entry: MyIngress.operation_xor - 

[20:18:37.870] [bmv2] [D] [thread 21053] Set default default entry for table 'tbl_operation_drop': MyIngress.operation_drop - 
Adding interface s1-eth1 as port 1
[20:18:37.880] [bmv2] [D] [thread 21053] Adding interface s1-eth1 as port 1
[20:18:37.882] [bmv2] [I] [thread 21053] Starting Thrift server on port 9090
[20:18:37.888] [bmv2] [I] [thread 21053] Thrift server was started
[20:19:07.178] [bmv2] [D] [thread 21059] [0.0] [cxt 0] Processing packet received on port 1
[20:19:07.178] [bmv2] [D] [thread 21059] [0.0] [cxt 0] Parser 'parser': start
[20:19:07.178] [bmv2] [D] [thread 21059] [0.0] [cxt 0] Parser 'parser' entering state 'start'
[20:19:07.178] [bmv2] [D] [thread 21059] [0.0] [cxt 0] Extracting header 'ethernet'
[20:19:07.179] [bmv2] [D] [thread 21059] [0.0] [cxt 0] Parser state 'start': key is 1234
[20:19:07.179] [bmv2] [T] [thread 21059] [0.0] [cxt 0] Bytes parsed: 14
[20:19:07.179] [bmv2] [D] [thread 21059] [0.0] [cxt 0] Parser 'parser' entering state 'check_p4calc'
[20:19:07.179] [bmv2] [D] [thread 21059] [0.0] [cxt 0] Parser set: setting field 'scalars.tmp_5' from lookahead (0, 128), new value is 106608262788657672670918579269523061438
[20:19:07.179] [bmv2] [D] [thread 21059] [0.0] [cxt 0] Executing method add_header
[20:19:07.179] [bmv2] [T] [thread 21059] [0.0] [cxt 0] Action add_header
[20:19:07.179] [bmv2] [T] [thread 21059] [0.0] [cxt 0] Primitive (no source info)
[20:19:07.179] [bmv2] [D] [thread 21059] [0.0] [cxt 0] Parser set: setting field 'tmp_0.p' from expression, new value is 80
[20:19:07.179] [bmv2] [D] [thread 21059] [0.0] [cxt 0] Parser set: setting field 'tmp_0.four' from expression, new value is 52
[20:19:07.179] [bmv2] [D] [thread 21059] [0.0] [cxt 0] Parser set: setting field 'tmp_0.ver' from expression, new value is 1
[20:19:07.179] [bmv2] [D] [thread 21059] [0.0] [cxt 0] Parser set: setting field 'tmp_0.op' from expression, new value is 43
[20:19:07.179] [bmv2] [D] [thread 21059] [0.0] [cxt 0] Parser set: setting field 'tmp_0.operand_a' from expression, new value is 2
[20:19:07.179] [bmv2] [D] [thread 21059] [0.0] [cxt 0] Parser set: setting field 'tmp_0.operand_b' from expression, new value is 4
[20:19:07.179] [bmv2] [D] [thread 21059] [0.0] [cxt 0] Parser set: setting field 'tmp_0.res' from expression, new value is 3735927486
[20:19:07.179] [bmv2] [D] [thread 21059] [0.0] [cxt 0] Parser set: setting field 'scalars.tmp_6' from lookahead (0, 128), new value is 106608262788657672670918579269523061438
[20:19:07.179] [bmv2] [D] [thread 21059] [0.0] [cxt 0] Executing method add_header
[20:19:07.179] [bmv2] [T] [thread 21059] [0.0] [cxt 0] Action add_header
[20:19:07.179] [bmv2] [T] [thread 21059] [0.0] [cxt 0] Primitive (no source info)
[20:19:07.179] [bmv2] [D] [thread 21059] [0.0] [cxt 0] Parser set: setting field 'tmp_2.p' from expression, new value is 80
[20:19:07.179] [bmv2] [D] [thread 21059] [0.0] [cxt 0] Parser set: setting field 'tmp_2.four' from expression, new value is 52
[20:19:07.179] [bmv2] [D] [thread 21059] [0.0] [cxt 0] Parser set: setting field 'tmp_2.ver' from expression, new value is 1
[20:19:07.179] [bmv2] [D] [thread 21059] [0.0] [cxt 0] Parser set: setting field 'tmp_2.op' from expression, new value is 43
[20:19:07.179] [bmv2] [D] [thread 21059] [0.0] [cxt 0] Parser set: setting field 'tmp_2.operand_a' from expression, new value is 2
[20:19:07.179] [bmv2] [D] [thread 21059] [0.0] [cxt 0] Parser set: setting field 'tmp_2.operand_b' from expression, new value is 4
[20:19:07.179] [bmv2] [D] [thread 21059] [0.0] [cxt 0] Parser set: setting field 'tmp_2.res' from expression, new value is 3735927486
[20:19:07.179] [bmv2] [D] [thread 21059] [0.0] [cxt 0] Parser set: setting field 'scalars.tmp_7' from lookahead (0, 128), new value is 106608262788657672670918579269523061438
[20:19:07.179] [bmv2] [D] [thread 21059] [0.0] [cxt 0] Executing method add_header
[20:19:07.179] [bmv2] [T] [thread 21059] [0.0] [cxt 0] Action add_header
[20:19:07.179] [bmv2] [T] [thread 21059] [0.0] [cxt 0] Primitive (no source info)
[20:19:07.179] [bmv2] [D] [thread 21059] [0.0] [cxt 0] Parser set: setting field 'tmp_4.p' from expression, new value is 80
[20:19:07.179] [bmv2] [D] [thread 21059] [0.0] [cxt 0] Parser set: setting field 'tmp_4.four' from expression, new value is 52
[20:19:07.179] [bmv2] [D] [thread 21059] [0.0] [cxt 0] Parser set: setting field 'tmp_4.ver' from expression, new value is 1
[20:19:07.179] [bmv2] [D] [thread 21059] [0.0] [cxt 0] Parser set: setting field 'tmp_4.op' from expression, new value is 43
[20:19:07.179] [bmv2] [D] [thread 21059] [0.0] [cxt 0] Parser set: setting field 'tmp_4.operand_a' from expression, new value is 2
[20:19:07.179] [bmv2] [D] [thread 21059] [0.0] [cxt 0] Parser set: setting field 'tmp_4.operand_b' from expression, new value is 4
[20:19:07.179] [bmv2] [D] [thread 21059] [0.0] [cxt 0] Parser set: setting field 'tmp_4.res' from expression, new value is 3735927486
[20:19:07.179] [bmv2] [D] [thread 21059] [0.0] [cxt 0] Parser set: setting field 'scalars.tmp' from expression, new value is 80
[20:19:07.179] [bmv2] [D] [thread 21059] [0.0] [cxt 0] Parser set: setting field 'scalars.tmp_1' from expression, new value is 52
[20:19:07.179] [bmv2] [D] [thread 21059] [0.0] [cxt 0] Parser set: setting field 'scalars.tmp_3' from expression, new value is 1
[20:19:07.179] [bmv2] [D] [thread 21059] [0.0] [cxt 0] Parser state 'check_p4calc': key is 503401
[20:19:07.179] [bmv2] [T] [thread 21059] [0.0] [cxt 0] Bytes parsed: 14
[20:19:07.179] [bmv2] [D] [thread 21059] [0.0] [cxt 0] Parser 'parser' entering state 'parse_p4calc'
[20:19:07.179] [bmv2] [D] [thread 21059] [0.0] [cxt 0] Extracting header 'p4calc'
[20:19:07.179] [bmv2] [D] [thread 21059] [0.0] [cxt 0] Parser state 'parse_p4calc' has no switch, going to default next state
[20:19:07.179] [bmv2] [T] [thread 21059] [0.0] [cxt 0] Bytes parsed: 30
[20:19:07.179] [bmv2] [D] [thread 21059] [0.0] [cxt 0] Parser 'parser': end
[20:19:07.179] [bmv2] [D] [thread 21059] [0.0] [cxt 0] Pipeline 'ingress': start
[20:19:07.179] [bmv2] [T] [thread 21059] [0.0] [cxt 0] /home/p4/beadando/P4BinaryAdder/calc.p4(134) Condition "hdr.p4calc.isValid()" (node_2) is true
[20:19:07.179] [bmv2] [T] [thread 21059] [0.0] [cxt 0] Applying table 'MyIngress.calculate'
[20:19:07.179] [bmv2] [D] [thread 21059] [0.0] [cxt 0] Looking up key:
* hdr.p4calc.op       : 2b

[20:19:07.179] [bmv2] [D] [thread 21059] [0.0] [cxt 0] Table 'MyIngress.calculate': hit with handle 0
[20:19:07.179] [bmv2] [D] [thread 21059] [0.0] [cxt 0] Dumping entry 0
Match key:
* hdr.p4calc.op       : EXACT     2b
Action entry: MyIngress.operation_add - 

[20:19:07.179] [bmv2] [D] [thread 21059] [0.0] [cxt 0] Action entry is MyIngress.operation_add - 
[20:19:07.179] [bmv2] [T] [thread 21059] [0.0] [cxt 0] Action MyIngress.operation_add
[20:19:07.179] [bmv2] [T] [thread 21059] [0.0] [cxt 0] /home/p4/beadando/P4BinaryAdder/calc.p4(80) Primitive hdr.p4calc.res = result; ...
[20:19:07.179] [bmv2] [T] [thread 21059] [0.0] [cxt 0] /home/p4/beadando/P4BinaryAdder/calc.p4(81) Primitive bit<48> temp = hdr.ethernet.dstAddr;
[20:19:07.179] [bmv2] [T] [thread 21059] [0.0] [cxt 0] /home/p4/beadando/P4BinaryAdder/calc.p4(82) Primitive hdr.ethernet.dstAddr = hdr.ethernet.srcAddr
[20:19:07.179] [bmv2] [T] [thread 21059] [0.0] [cxt 0] /home/p4/beadando/P4BinaryAdder/calc.p4(83) Primitive hdr.ethernet.srcAddr = temp
[20:19:07.179] [bmv2] [T] [thread 21059] [0.0] [cxt 0] /home/p4/beadando/P4BinaryAdder/calc.p4(84) Primitive standard_metadata.egress_spec = standard_metadata.ingress_port
[20:19:07.179] [bmv2] [D] [thread 21059] [0.0] [cxt 0] Pipeline 'ingress': end
[20:19:07.179] [bmv2] [D] [thread 21059] [0.0] [cxt 0] Egress port is 1
[20:19:07.179] [bmv2] [D] [thread 21061] [0.0] [cxt 0] Pipeline 'egress': start
[20:19:07.179] [bmv2] [D] [thread 21061] [0.0] [cxt 0] Pipeline 'egress': end
[20:19:07.179] [bmv2] [D] [thread 21061] [0.0] [cxt 0] Deparser 'deparser': start
[20:19:07.179] [bmv2] [D] [thread 21061] [0.0] [cxt 0] Deparsing header 'ethernet'
[20:19:07.179] [bmv2] [D] [thread 21061] [0.0] [cxt 0] Deparsing header 'p4calc'
[20:19:07.179] [bmv2] [D] [thread 21061] [0.0] [cxt 0] Deparser 'deparser': end
[20:19:07.180] [bmv2] [D] [thread 21064] [0.0] [cxt 0] Transmitting packet of size 30 out of port 1
